[0.049s] Invoking command in '/home/appfre/appfre_ws_sim/build/bunker_mini': CMAKE_PREFIX_PATH=/opt/ros/humble /usr/bin/cmake /home/appfre/appfre_ws_sim/src/bunker_mini -DAMENT_CMAKE_SYMLINK_INSTALL=1 -DCMAKE_INSTALL_PREFIX=/home/appfre/appfre_ws_sim/install/bunker_mini
[0.094s] -- The C compiler identification is GNU 11.4.0
[0.146s] -- The CXX compiler identification is GNU 11.4.0
[0.155s] -- Detecting C compiler ABI info
[0.212s] -- Detecting C compiler ABI info - done
[0.219s] -- Check for working C compiler: /usr/bin/cc - skipped
[0.219s] -- Detecting C compile features
[0.220s] -- Detecting C compile features - done
[0.222s] -- Detecting CXX compiler ABI info
[0.291s] -- Detecting CXX compiler ABI info - done
[0.298s] -- Check for working CXX compiler: /usr/bin/c++ - skipped
[0.298s] -- Detecting CXX compile features
[0.299s] -- Detecting CXX compile features - done
[0.301s] -- Found ament_cmake: 1.3.7 (/opt/ros/humble/share/ament_cmake/cmake)
[0.446s] -- Found Python3: /usr/bin/python3.10 (found version "3.10.12") found components: Interpreter 
[0.498s] -- Override CMake install command with custom implementation using symlinks instead of copying resources
[0.519s] -- Found ament_lint_auto: 0.12.10 (/opt/ros/humble/share/ament_lint_auto/cmake)
[0.589s] -- Added test 'copyright' to check source files copyright and LICENSE
[0.592s] -- Added test 'flake8' to check Python code syntax and style conventions
[0.593s] -- Added test 'lint_cmake' to check CMake code style
[0.593s] -- Added test 'pep257' to check Python code against some of the docstring style conventions in PEP 257
[0.595s] -- Added test 'xmllint' to check XML markup files
[0.596s] -- Configuring done
[0.599s] -- Generating done
[0.600s] -- Build files have been written to: /home/appfre/appfre_ws_sim/build/bunker_mini
[0.603s] Invoked command in '/home/appfre/appfre_ws_sim/build/bunker_mini' returned '0': CMAKE_PREFIX_PATH=/opt/ros/humble /usr/bin/cmake /home/appfre/appfre_ws_sim/src/bunker_mini -DAMENT_CMAKE_SYMLINK_INSTALL=1 -DCMAKE_INSTALL_PREFIX=/home/appfre/appfre_ws_sim/install/bunker_mini
[0.605s] Invoking command in '/home/appfre/appfre_ws_sim/build/bunker_mini': CMAKE_PREFIX_PATH=/opt/ros/humble /usr/bin/cmake --build /home/appfre/appfre_ws_sim/build/bunker_mini -- -j8 -l8
[0.640s] Invoked command in '/home/appfre/appfre_ws_sim/build/bunker_mini' returned '0': CMAKE_PREFIX_PATH=/opt/ros/humble /usr/bin/cmake --build /home/appfre/appfre_ws_sim/build/bunker_mini -- -j8 -l8
[0.666s] Invoking command in '/home/appfre/appfre_ws_sim/build/bunker_mini': CMAKE_PREFIX_PATH=/opt/ros/humble /usr/bin/cmake --install /home/appfre/appfre_ws_sim/build/bunker_mini
[0.673s] -- Install configuration: ""
[0.673s] -- Execute custom install script
[0.674s] -- Symlinking: /home/appfre/appfre_ws_sim/install/bunker_mini/share/bunker_mini/config/drive_bot.rviz
[0.681s] -- Symlinking: /home/appfre/appfre_ws_sim/install/bunker_mini/share/bunker_mini/config/empty.yaml
[0.689s] -- Symlinking: /home/appfre/appfre_ws_sim/install/bunker_mini/share/bunker_mini/config/mapper_params_online_async.yaml
[0.696s] -- Symlinking: /home/appfre/appfre_ws_sim/install/bunker_mini/share/bunker_mini/config/nav2_config.rviz
[0.704s] -- Symlinking: /home/appfre/appfre_ws_sim/install/bunker_mini/share/bunker_mini/config/nav2_params.yaml
[0.711s] -- Symlinking: /home/appfre/appfre_ws_sim/install/bunker_mini/share/bunker_mini/config/rviz_slam_config.rviz
[0.718s] -- Symlinking: /home/appfre/appfre_ws_sim/install/bunker_mini/share/bunker_mini/config/test_costmap.rviz
[0.726s] -- Symlinking: /home/appfre/appfre_ws_sim/install/bunker_mini/share/bunker_mini/description/bunker_mini.stl
[0.736s] -- Symlinking: /home/appfre/appfre_ws_sim/install/bunker_mini/share/bunker_mini/description/gazebo_control.xacro
[0.744s] -- Symlinking: /home/appfre/appfre_ws_sim/install/bunker_mini/share/bunker_mini/description/inertial_macros.xacro
[0.751s] -- Symlinking: /home/appfre/appfre_ws_sim/install/bunker_mini/share/bunker_mini/description/lidar.xacro
[0.759s] -- Symlinking: /home/appfre/appfre_ws_sim/install/bunker_mini/share/bunker_mini/description/materials.xacro
[0.766s] -- Symlinking: /home/appfre/appfre_ws_sim/install/bunker_mini/share/bunker_mini/description/robot.urdf.xacro
[0.774s] -- Symlinking: /home/appfre/appfre_ws_sim/install/bunker_mini/share/bunker_mini/description/robot_core.xacro
[0.781s] -- Symlinking: /home/appfre/appfre_ws_sim/install/bunker_mini/share/bunker_mini/launch/launch_nav2.launch.py
[0.789s] -- Symlinking: /home/appfre/appfre_ws_sim/install/bunker_mini/share/bunker_mini/launch/rsp.launch.py
[0.796s] -- Symlinking: /home/appfre/appfre_ws_sim/install/bunker_mini/share/bunker_mini/worlds/empty.world
[0.804s] -- Symlinking: /home/appfre/appfre_ws_sim/install/bunker_mini/share/bunker_mini/worlds/obstacles.world
[0.811s] -- Symlinking: /home/appfre/appfre_ws_sim/install/bunker_mini/share/bunker_mini/worlds/room.world
[0.818s] -- Symlinking: /home/appfre/appfre_ws_sim/install/bunker_mini/share/bunker_mini/worlds/room_with_obstacles.world
[0.825s] -- Symlinking: /home/appfre/appfre_ws_sim/install/bunker_mini/share/bunker_mini/worlds/small_gap.world
[0.835s] -- Symlinking: /home/appfre/appfre_ws_sim/install/bunker_mini/share/ament_index/resource_index/package_run_dependencies/bunker_mini
[0.843s] -- Symlinking: /home/appfre/appfre_ws_sim/install/bunker_mini/share/ament_index/resource_index/parent_prefix_path/bunker_mini
[0.850s] -- Symlinking: /home/appfre/appfre_ws_sim/install/bunker_mini/share/bunker_mini/environment/ament_prefix_path.sh
[0.858s] -- Symlinking: /home/appfre/appfre_ws_sim/install/bunker_mini/share/bunker_mini/environment/ament_prefix_path.dsv
[0.865s] -- Symlinking: /home/appfre/appfre_ws_sim/install/bunker_mini/share/bunker_mini/environment/path.sh
[0.873s] -- Symlinking: /home/appfre/appfre_ws_sim/install/bunker_mini/share/bunker_mini/environment/path.dsv
[0.880s] -- Symlinking: /home/appfre/appfre_ws_sim/install/bunker_mini/share/bunker_mini/local_setup.bash
[0.887s] -- Symlinking: /home/appfre/appfre_ws_sim/install/bunker_mini/share/bunker_mini/local_setup.sh
[0.894s] -- Symlinking: /home/appfre/appfre_ws_sim/install/bunker_mini/share/bunker_mini/local_setup.zsh
[0.901s] -- Symlinking: /home/appfre/appfre_ws_sim/install/bunker_mini/share/bunker_mini/local_setup.dsv
[0.909s] -- Symlinking: /home/appfre/appfre_ws_sim/install/bunker_mini/share/bunker_mini/package.dsv
[0.917s] -- Symlinking: /home/appfre/appfre_ws_sim/install/bunker_mini/share/ament_index/resource_index/packages/bunker_mini
[0.924s] -- Symlinking: /home/appfre/appfre_ws_sim/install/bunker_mini/share/bunker_mini/cmake/bunker_miniConfig.cmake
[0.933s] -- Symlinking: /home/appfre/appfre_ws_sim/install/bunker_mini/share/bunker_mini/cmake/bunker_miniConfig-version.cmake
[0.941s] -- Symlinking: /home/appfre/appfre_ws_sim/install/bunker_mini/share/bunker_mini/package.xml
[0.950s] Invoked command in '/home/appfre/appfre_ws_sim/build/bunker_mini' returned '0': CMAKE_PREFIX_PATH=/opt/ros/humble /usr/bin/cmake --install /home/appfre/appfre_ws_sim/build/bunker_mini
